2021-05-25 16:26:24,828 INFO Huvudprogram [main] Starting
2021-05-25 16:26:30,260 INFO Huvudprogram [main] Ending
2021-05-25 16:37:07,187 INFO Huvudprogram [main] Starting
2021-05-25 16:37:30,736 DEBUG Huvudprogram [main] titel1=Måns bravader, bid=6969, isbn1=777666
2021-05-25 16:37:36,544 INFO Huvudprogram [main] Ending
2021-05-25 16:38:56,447 INFO Huvudprogram [main] Starting
2021-05-25 16:39:27,669 TRACE Getset [main] ---> addBok
2021-05-25 16:39:28,283 TRACE Getset [main] <--- addBok
2021-05-25 16:39:28,284 DEBUG Huvudprogram [main] titel1=Simons kulor, bid=2121, isbn1=456789
2021-05-25 16:39:43,720 INFO Huvudprogram [main] Ending
2021-05-25 16:45:33,322 INFO Huvudprogram [main] Starting
2021-05-25 16:45:50,541 DEBUG Huvudprogram [main] titel1=Hata koda, bid=1212, isbn1=234567
2021-05-25 16:45:50,541 TRACE Getset [main] ---> addBok
2021-05-25 16:45:51,103 TRACE Getset [main] <--- addBok
2021-05-25 16:46:27,239 DEBUG Huvudprogram [main] titel1=Hata kod igen, bid=1010, isbn1=10101
2021-05-25 16:46:27,241 TRACE Getset [main] ---> addBok
2021-05-25 16:46:27,297 TRACE Getset [main] <--- addBok
2021-05-25 16:46:43,372 INFO Huvudprogram [main] Ending
2021-05-25 16:48:06,837 INFO Huvudprogram [main] Starting
2021-05-25 16:48:26,136 DEBUG Huvudprogram [main] titel1=1212, bid=1212, isbn1=849393
2021-05-25 16:48:26,136 TRACE Getset [main] ---> addBok
2021-05-25 16:48:26,662 INFO Getset [main] Metoden gick inte igenom!
2021-05-25 16:48:26,662 TRACE Getset [main] <--- addBok
2021-05-25 16:48:30,875 INFO Huvudprogram [main] Ending
2021-05-25 17:42:21,214 INFO Huvudprogram [main] Starting
2021-05-25 17:42:34,986 TRACE Getset [main] ---> deleteBok
2021-05-25 17:42:35,569 TRACE Getset [main] <--- deleteBok
2021-05-25 17:42:35,569 DEBUG Huvudprogram [main] bokid=6969
2021-05-25 17:42:39,137 INFO Huvudprogram [main] Ending
2021-05-25 17:48:19,463 INFO Huvudprogram [main] Starting
2021-05-25 17:48:33,746 TRACE HelpMethod [main] ---> getISBNOnTitle
2021-05-25 17:48:34,563 TRACE HelpMethod [main] <--- getISBNOnTitle
2021-05-25 17:48:34,564 DEBUG Huvudprogram [main] titel=Hata kod igen
2021-05-25 17:48:34,565 TRACE HelpMethod [main] ---> getISBNOnTitle
2021-05-25 17:48:34,653 TRACE HelpMethod [main] <--- getISBNOnTitle
2021-05-25 17:48:42,852 INFO Huvudprogram [main] Ending
2021-05-25 18:07:03,375 INFO Huvudprogram [main] Starting
2021-05-25 18:07:25,359 DEBUG Huvudprogram [main] fnamn=Champange, lnamn=Champ
2021-05-25 18:07:25,360 TRACE AdminInteraction [main] ---> RegisterUser
2021-05-25 18:07:26,059 TRACE AdminInteraction [main] <--- RegisterUser
2021-05-25 18:07:28,545 INFO Huvudprogram [main] Ending
2021-05-25 18:15:39,332 INFO Huvudprogram [main] Starting
2021-05-25 18:15:54,398 DEBUG Huvudprogram [main] uiiid=8162
2021-05-25 18:15:54,399 TRACE HelpMethod [main] ---> deleteUser
2021-05-25 18:15:57,252 INFO Huvudprogram [main] Ending
2021-05-25 18:17:38,516 TRACE HelpMethod [main] ---> deleteUser
2021-05-25 18:17:38,528 TRACE HelpMethod [main] <--- deleteUser
2021-05-25 18:17:58,068 INFO Huvudprogram [main] Starting
2021-05-25 18:18:10,730 DEBUG Huvudprogram [main] fnamn=Philip, lnamn=Nilsson
2021-05-25 18:18:10,731 TRACE AdminInteraction [main] ---> RegisterUser
2021-05-25 18:18:11,439 TRACE AdminInteraction [main] <--- RegisterUser
2021-05-25 18:18:27,711 DEBUG Huvudprogram [main] uiiid=9331
2021-05-25 18:18:27,712 TRACE HelpMethod [main] ---> deleteUser
2021-05-25 18:18:31,573 INFO Huvudprogram [main] Ending
2021-05-25 18:19:57,257 TRACE HelpMethod [main] ---> deleteUser
2021-05-25 18:19:57,264 TRACE HelpMethod [main] <--- deleteUser
2021-05-25 18:19:57,265 TRACE HelpMethod [main] <--- deleteUser
2021-05-25 19:08:06,764 INFO Huvudprogram [main] Starting
2021-05-25 19:08:20,177 DEBUG Huvudprogram [main] busig=1234
2021-05-25 19:08:20,178 TRACE AdminInteraction [main] ---> suspendUser
2021-05-25 19:08:20,959 TRACE AdminInteraction [main] <--- suspendUser
2021-05-25 19:08:24,649 INFO Huvudprogram [main] Ending
2021-05-25 19:09:02,567 INFO Huvudprogram [main] Starting
2021-05-25 19:09:31,148 INFO Huvudprogram [main] Starting
2021-05-25 19:09:48,173 INFO Huvudprogram [main] Starting
2021-05-25 19:09:53,156 DEBUG Huvudprogram [main] busig=123
2021-05-25 19:09:53,157 TRACE AdminInteraction [main] ---> suspendUser
2021-05-25 19:09:53,718 INFO AdminInteraction [main] Användaren suspenderades inte pga för lite Delays
2021-05-25 19:10:02,072 DEBUG Huvudprogram [main] busig=1234
2021-05-25 19:10:02,072 TRACE AdminInteraction [main] ---> suspendUser
2021-05-25 19:10:02,117 INFO AdminInteraction [main] Användaren suspenderades inte pga för lite Delays
2021-05-25 19:22:14,459 INFO Huvudprogram [main] Ending
2021-05-25 19:22:57,844 INFO Huvudprogram [main] Starting
2021-05-25 19:23:07,493 DEBUG Huvudprogram [main] usId=1234
2021-05-25 19:23:07,493 TRACE AdminInteraction [main] ---> suspendUser
2021-05-25 19:23:08,034 INFO AdminInteraction [main] Användaren suspenderades inte pga för lite Delays
2021-05-25 19:23:08,034 TRACE AdminInteraction [main] <--- suspendUser
2021-05-25 19:23:11,386 INFO Huvudprogram [main] Ending
2021-05-25 19:39:31,788 INFO Huvudprogram [main] Starting
2021-05-26 13:57:52,463 INFO Huvudprogram [main] Starting
2021-05-26 13:58:10,506 DEBUG Huvudprogram [main] titel1=KaffeKaos, bid=4343, isbn1=234123
2021-05-26 13:58:10,508 TRACE Getset [main] ---> addBok
2021-05-26 13:58:11,380 TRACE Getset [main] <--- addBok
2021-05-26 14:01:33,512 INFO Huvudprogram [main] Starting
2021-05-26 14:01:44,809 TRACE AdminInteraction [main] ---> checkIdSuspended
2021-05-26 14:01:45,435 TRACE AdminInteraction [main] <--- checkIdSuspended
2021-05-26 14:02:48,932 INFO Huvudprogram [main] Ending
2021-05-26 14:03:15,011 INFO Huvudprogram [main] Starting
2021-05-26 14:03:24,790 TRACE AdminInteraction [main] ---> checkIdSuspended
2021-05-26 14:03:25,372 TRACE AdminInteraction [main] <--- checkIdSuspended
